{
 "exception":"failed to parse packages from exception: The following specifications were found to be incompatible with each other:\n\nOutput in format: Requested package -> Available versions\n\nPackage setuptools conflicts for:\npytest-runner[version='>=2.11,<3.0a'] -> setuptools\npython=3.7 -> pip -> setuptools\npytest-runner[version='>=2.11,<3.0a'] -> pytest -> setuptools[version='>=40.0']\n\nPackage python_abi conflicts for:\nsetuptools -> python_abi[version='3.6.*|3.6|3.8.*|3.7.*',build='*_cp37m|*_cp36m|*_cp38|*_pypy36_pp73']\npytest-runner[version='>=2.11,<3.0a'] -> pytest -> python_abi[version='3.6|3.6.*|3.8.*|3.7.*',build='*_cp37m|*_cp38|*_cp36m|*_pypy36_pp73']\nsetuptools -> certifi[version='>=2016.9.26'] -> python_abi=2.7[build=*_cp27mu]",
 "traceback":[
  "Traceback (most recent call last):",
  "  File \"/opt/conda/envs/run_env/lib/python3.7/site-packages/conda_build/environ.py\", line 764, in get_install_actions",
  "    actions = install_actions(prefix, index, specs, force=True)",
  "  File \"/opt/conda/envs/run_env/lib/python3.7/site-packages/conda/common/io.py\", line 88, in decorated",
  "    return f(*args, **kwds)",
  "  File \"/opt/conda/envs/run_env/lib/python3.7/site-packages/conda/plan.py\", line 474, in install_actions",
  "    txn = solver.solve_for_transaction(prune=prune, ignore_pinned=not pinned)",
  "  File \"/opt/conda/envs/run_env/lib/python3.7/site-packages/conda/core/solve.py\", line 117, in solve_for_transaction",
  "    should_retry_solve)",
  "  File \"/opt/conda/envs/run_env/lib/python3.7/site-packages/conda/core/solve.py\", line 158, in solve_for_diff",
  "    force_remove, should_retry_solve)",
  "  File \"/opt/conda/envs/run_env/lib/python3.7/site-packages/conda/core/solve.py\", line 281, in solve_final_state",
  "    ssc = self._run_sat(ssc)",
  "  File \"/opt/conda/envs/run_env/lib/python3.7/site-packages/conda/common/io.py\", line 88, in decorated",
  "    return f(*args, **kwds)",
  "  File \"/opt/conda/envs/run_env/lib/python3.7/site-packages/conda/core/solve.py\", line 808, in _run_sat",
  "    should_retry_solve=ssc.should_retry_solve",
  "  File \"/opt/conda/envs/run_env/lib/python3.7/site-packages/conda/common/io.py\", line 88, in decorated",
  "    return f(*args, **kwds)",
  "  File \"/opt/conda/envs/run_env/lib/python3.7/site-packages/conda/resolve.py\", line 1318, in solve",
  "    self.find_conflicts(specs, specs_to_add, history_specs)",
  "  File \"/opt/conda/envs/run_env/lib/python3.7/site-packages/conda/resolve.py\", line 351, in find_conflicts",
  "    raise UnsatisfiableError(bad_deps, strict=strict_channel_priority)",
  "conda.exceptions.UnsatisfiableError: The following specifications were found to be incompatible with each other:",
  "",
  "Output in format: Requested package -> Available versions",
  "",
  "Package setuptools conflicts for:",
  "pytest-runner[version='>=2.11,<3.0a'] -> setuptools",
  "python=3.7 -> pip -> setuptools",
  "pytest-runner[version='>=2.11,<3.0a'] -> pytest -> setuptools[version='>=40.0']",
  "",
  "Package python_abi conflicts for:",
  "setuptools -> python_abi[version='3.6.*|3.6|3.8.*|3.7.*',build='*_cp37m|*_cp36m|*_cp38|*_pypy36_pp73']",
  "pytest-runner[version='>=2.11,<3.0a'] -> pytest -> python_abi[version='3.6|3.6.*|3.8.*|3.7.*',build='*_cp37m|*_cp38|*_cp36m|*_pypy36_pp73']",
  "setuptools -> certifi[version='>=2016.9.26'] -> python_abi=2.7[build=*_cp27mu]",
  "",
  "During handling of the above exception, another exception occurred:",
  "",
  "Traceback (most recent call last):",
  "  File \"/root/repo/cf-scripts/conda_forge_tick/audit.py\", line 68, in main",
  "    deps = audit_feedstock(fctx, ctx)",
  "  File \"/root/repo/cf-scripts/conda_forge_tick/audit.py\", line 30, in audit_feedstock",
  "    cb_work_dir = _get_source_code(recipe_dir)",
  "  File \"/root/repo/cf-scripts/conda_forge_tick/migrators/core.py\", line 68, in _get_source_code",
  "    md = render(recipe_dir, config=Config(**CB_CONFIG))",
  "  File \"/opt/conda/envs/run_env/lib/python3.7/site-packages/conda_build/api.py\", line 52, in render",
  "    bypass_env_check=bypass_env_check):",
  "  File \"/opt/conda/envs/run_env/lib/python3.7/site-packages/conda_build/metadata.py\", line 2054, in get_output_metadata_set",
  "    bypass_env_check=bypass_env_check)",
  "  File \"/opt/conda/envs/run_env/lib/python3.7/site-packages/conda_build/metadata.py\", line 727, in finalize_outputs_pass",
  "    permit_unsatisfiable_variants=permit_unsatisfiable_variants)",
  "  File \"/opt/conda/envs/run_env/lib/python3.7/site-packages/conda_build/render.py\", line 538, in finalize_metadata",
  "    exclude_pattern)",
  "  File \"/opt/conda/envs/run_env/lib/python3.7/site-packages/conda_build/render.py\", line 390, in add_upstream_pins",
  "    permit_unsatisfiable_variants, exclude_pattern)",
  "  File \"/opt/conda/envs/run_env/lib/python3.7/site-packages/conda_build/render.py\", line 378, in _read_upstream_pin_files",
  "    permit_unsatisfiable_variants=permit_unsatisfiable_variants)",
  "  File \"/opt/conda/envs/run_env/lib/python3.7/site-packages/conda_build/render.py\", line 154, in get_env_dependencies",
  "    channel_urls=tuple(m.config.channel_urls))",
  "  File \"/opt/conda/envs/run_env/lib/python3.7/site-packages/conda_build/environ.py\", line 766, in get_install_actions",
  "    raise DependencyNeedsBuildingError(exc, subdir=subdir)",
  "  File \"/opt/conda/envs/run_env/lib/python3.7/site-packages/conda_build/exceptions.py\", line 78, in __init__",
  "    \" {}\".format(str(conda_exception)))",
  "RuntimeError: failed to parse packages from exception: The following specifications were found to be incompatible with each other:",
  "",
  "Output in format: Requested package -> Available versions",
  "",
  "Package setuptools conflicts for:",
  "pytest-runner[version='>=2.11,<3.0a'] -> setuptools",
  "python=3.7 -> pip -> setuptools",
  "pytest-runner[version='>=2.11,<3.0a'] -> pytest -> setuptools[version='>=40.0']",
  "",
  "Package python_abi conflicts for:",
  "setuptools -> python_abi[version='3.6.*|3.6|3.8.*|3.7.*',build='*_cp37m|*_cp36m|*_cp38|*_pypy36_pp73']",
  "pytest-runner[version='>=2.11,<3.0a'] -> pytest -> python_abi[version='3.6|3.6.*|3.8.*|3.7.*',build='*_cp37m|*_cp38|*_cp36m|*_pypy36_pp73']",
  "setuptools -> certifi[version='>=2016.9.26'] -> python_abi=2.7[build=*_cp27mu]",
  ""
 ]
}